[2017-03-27 17:00:12,451] INFO [GroupCoordinator 0]: Preparing to restabilize group console-consumer-89410 with old generation 1 (kafka.coordinator.GroupCoordinator)
[2017-03-27 17:00:12,453] INFO [GroupCoordinator 0]: Group console-consumer-89410 with generation 2 is now empty (kafka.coordinator.GroupCoordinator)
[2017-03-27 17:00:14,670] INFO [Kafka Server 0], shutting down (kafka.server.KafkaServer)
[2017-03-27 17:00:14,672] INFO [Kafka Server 0], Starting controlled shutdown (kafka.server.KafkaServer)
[2017-03-27 17:00:14,743] INFO [Kafka Server 0], Controlled shutdown succeeded (kafka.server.KafkaServer)
[2017-03-27 17:00:14,748] INFO [Socket Server on Broker 0], Shutting down (kafka.network.SocketServer)
[2017-03-27 17:00:14,768] INFO [Socket Server on Broker 0], Shutdown completed (kafka.network.SocketServer)
[2017-03-27 17:00:14,769] INFO [Kafka Request Handler on Broker 0], shutting down (kafka.server.KafkaRequestHandlerPool)
[2017-03-27 17:00:14,775] INFO [Kafka Request Handler on Broker 0], shut down completely (kafka.server.KafkaRequestHandlerPool)
[2017-03-27 17:00:14,784] INFO [ThrottledRequestReaper-Fetch], Shutting down (kafka.server.ClientQuotaManager$ThrottledRequestReaper)
[2017-03-27 17:00:15,186] INFO [ThrottledRequestReaper-Fetch], Shutdown completed (kafka.server.ClientQuotaManager$ThrottledRequestReaper)
[2017-03-27 17:00:15,186] INFO [ThrottledRequestReaper-Fetch], Stopped  (kafka.server.ClientQuotaManager$ThrottledRequestReaper)
[2017-03-27 17:00:15,186] INFO [ThrottledRequestReaper-Produce], Shutting down (kafka.server.ClientQuotaManager$ThrottledRequestReaper)
[2017-03-27 17:00:16,185] INFO [ThrottledRequestReaper-Produce], Stopped  (kafka.server.ClientQuotaManager$ThrottledRequestReaper)
[2017-03-27 17:00:16,185] INFO [ThrottledRequestReaper-Produce], Shutdown completed (kafka.server.ClientQuotaManager$ThrottledRequestReaper)
[2017-03-27 17:00:16,187] INFO [KafkaApi-0] Shutdown complete. (kafka.server.KafkaApis)
[2017-03-27 17:00:16,189] INFO [Replica Manager on Broker 0]: Shutting down (kafka.server.ReplicaManager)
[2017-03-27 17:00:16,190] INFO [ReplicaFetcherManager on broker 0] shutting down (kafka.server.ReplicaFetcherManager)
[2017-03-27 17:00:16,192] INFO [ReplicaFetcherManager on broker 0] shutdown completed (kafka.server.ReplicaFetcherManager)
[2017-03-27 17:00:16,193] INFO [ExpirationReaper-0], Shutting down (kafka.server.DelayedOperationPurgatory$ExpiredOperationReaper)
[2017-03-27 17:00:16,271] INFO [ExpirationReaper-0], Stopped  (kafka.server.DelayedOperationPurgatory$ExpiredOperationReaper)
[2017-03-27 17:00:16,271] INFO [ExpirationReaper-0], Shutdown completed (kafka.server.DelayedOperationPurgatory$ExpiredOperationReaper)
[2017-03-27 17:00:16,272] INFO [ExpirationReaper-0], Shutting down (kafka.server.DelayedOperationPurgatory$ExpiredOperationReaper)
[2017-03-27 17:00:16,376] INFO [ExpirationReaper-0], Stopped  (kafka.server.DelayedOperationPurgatory$ExpiredOperationReaper)
[2017-03-27 17:00:16,376] INFO [ExpirationReaper-0], Shutdown completed (kafka.server.DelayedOperationPurgatory$ExpiredOperationReaper)
[2017-03-27 17:00:16,379] INFO [Replica Manager on Broker 0]: Shut down completely (kafka.server.ReplicaManager)
[2017-03-27 17:00:16,379] INFO [ExpirationReaper-0], Shutting down (kafka.server.DelayedOperationPurgatory$ExpiredOperationReaper)
[2017-03-27 17:00:16,408] INFO [ExpirationReaper-0], Stopped  (kafka.server.DelayedOperationPurgatory$ExpiredOperationReaper)
[2017-03-27 17:00:16,408] INFO [ExpirationReaper-0], Shutdown completed (kafka.server.DelayedOperationPurgatory$ExpiredOperationReaper)
[2017-03-27 17:00:16,411] INFO [GroupCoordinator 0]: Shutting down. (kafka.coordinator.GroupCoordinator)
[2017-03-27 17:00:16,411] INFO [ExpirationReaper-0], Shutting down (kafka.server.DelayedOperationPurgatory$ExpiredOperationReaper)
[2017-03-27 17:00:16,538] INFO [ExpirationReaper-0], Stopped  (kafka.server.DelayedOperationPurgatory$ExpiredOperationReaper)
[2017-03-27 17:00:16,538] INFO [ExpirationReaper-0], Shutdown completed (kafka.server.DelayedOperationPurgatory$ExpiredOperationReaper)
[2017-03-27 17:00:16,538] INFO [ExpirationReaper-0], Shutting down (kafka.server.DelayedOperationPurgatory$ExpiredOperationReaper)
[2017-03-27 17:00:16,611] INFO [ExpirationReaper-0], Stopped  (kafka.server.DelayedOperationPurgatory$ExpiredOperationReaper)
[2017-03-27 17:00:16,611] INFO [ExpirationReaper-0], Shutdown completed (kafka.server.DelayedOperationPurgatory$ExpiredOperationReaper)
[2017-03-27 17:00:16,613] INFO [GroupCoordinator 0]: Shutdown complete. (kafka.coordinator.GroupCoordinator)
[2017-03-27 17:00:16,614] INFO Shutting down. (kafka.log.LogManager)
[2017-03-27 17:00:16,673] INFO Shutdown complete. (kafka.log.LogManager)
[2017-03-27 17:00:16,699] INFO [Kafka Server 0], shut down completed (kafka.server.KafkaServer)
